Wed Apr 23 19:36:19 UTC 2025
Thu Apr 24 13:36:44 UTC 2025
Fri Apr 25 13:33:36 UTC 2025
Sat Apr 26 13:04:06 UTC 2025
Sun Apr 27 13:04:28 UTC 2025
Mon Apr 28 13:50:02 UTC 2025
Tue Apr 29 13:44:26 UTC 2025
Wed Apr 30 13:35:11 UTC 2025
Thu May  1 13:17:56 UTC 2025
Fri May  2 13:34:06 UTC 2025
Sat May  3 13:13:14 UTC 2025
Sun May  4 13:13:55 UTC 2025
Mon May  5 13:36:15 UTC 2025
Tue May  6 13:40:26 UTC 2025
Wed May  7 13:42:55 UTC 2025
Thu May  8 13:35:32 UTC 2025
Fri May  9 13:35:25 UTC 2025
Sat May 10 13:13:24 UTC 2025
Sun May 11 13:13:44 UTC 2025
Mon May 12 13:42:35 UTC 2025
Tue May 13 13:43:21 UTC 2025
Wed May 14 13:37:47 UTC 2025
Thu May 15 13:37:28 UTC 2025
Fri May 16 13:37:04 UTC 2025
Sat May 17 13:14:01 UTC 2025
Sun May 18 13:14:55 UTC 2025
Mon May 19 13:42:14 UTC 2025
Tue May 20 13:42:57 UTC 2025
Wed May 21 13:40:14 UTC 2025
Thu May 22 13:40:40 UTC 2025
Fri May 23 13:36:26 UTC 2025
Sat May 24 13:17:26 UTC 2025
Sun May 25 12:34:14 UTC 2025
Mon May 26 12:37:00 UTC 2025
Tue May 27 12:39:20 UTC 2025
Wed May 28 12:38:46 UTC 2025
Thu May 29 12:37:53 UTC 2025
Fri May 30 12:37:40 UTC 2025
Sat May 31 12:34:42 UTC 2025
Sun Jun  1 12:35:12 UTC 2025
Mon Jun  2 12:38:45 UTC 2025
Tue Jun  3 12:39:09 UTC 2025
Wed Jun  4 12:39:20 UTC 2025
Thu Jun  5 12:38:53 UTC 2025
Fri Jun  6 12:37:50 UTC 2025
Sat Jun  7 12:34:46 UTC 2025
Sun Jun  8 12:34:39 UTC 2025
Mon Jun  9 12:38:57 UTC 2025
Tue Jun 10 12:39:27 UTC 2025
Wed Jun 11 12:39:16 UTC 2025
Thu Jun 12 12:38:43 UTC 2025
Fri Jun 13 12:38:16 UTC 2025
Sat Jun 14 12:34:48 UTC 2025
Sun Jun 15 12:35:16 UTC 2025
Mon Jun 16 12:39:47 UTC 2025
